TN:
SF:C:\Users\felip\Github\testing-for-lazy-people\src\components\Button\elements.tsx
FNF:0
FNH:0
DA:5,3
DA:9,3
DA:14,3
LF:3
LH:3
BRF:0
BRH:0
end_of_record
TN:
SF:C:\Users\felip\Github\testing-for-lazy-people\src\components\Button\index.tsx
FN:5,(anonymous_0)
FNF:1
FNH:1
FNDA:5,(anonymous_0)
DA:5,3
DA:11,5
LF:2
LH:2
BRF:0
BRH:0
end_of_record
TN:
SF:C:\Users\felip\Github\testing-for-lazy-people\src\components\Button\types.tsx
FNF:0
FNH:0
LF:0
LH:0
BRF:0
BRH:0
end_of_record
TN:
SF:C:\Users\felip\Github\testing-for-lazy-people\src\components\Text\elements.tsx
FNF:0
FNH:0
DA:3,2
LF:1
LH:1
BRF:0
BRH:0
end_of_record
TN:
SF:C:\Users\felip\Github\testing-for-lazy-people\src\components\Text\index.tsx
FN:5,(anonymous_0)
FNF:1
FNH:1
FNDA:2,(anonymous_0)
DA:5,2
DA:6,2
LF:2
LH:2
BRDA:8,0,0,2
BRDA:8,0,1,0
BRDA:9,1,0,2
BRDA:9,1,1,2
BRF:4
BRH:3
end_of_record
TN:
SF:C:\Users\felip\Github\testing-for-lazy-people\src\components\Text\types.tsx
FNF:0
FNH:0
LF:0
LH:0
BRF:0
BRH:0
end_of_record
TN:
SF:C:\Users\felip\Github\testing-for-lazy-people\src\components\UserProfile\elements.tsx
FNF:0
FNH:0
DA:3,2
DA:11,2
LF:2
LH:2
BRF:0
BRH:0
end_of_record
TN:
SF:C:\Users\felip\Github\testing-for-lazy-people\src\components\UserProfile\index.tsx
FN:8,(anonymous_0)
FN:24,(anonymous_1)
FNF:2
FNH:1
FNDA:2,(anonymous_0)
FNDA:0,(anonymous_1)
DA:8,2
DA:9,2
DA:10,2
DA:11,2
DA:25,0
LF:5
LH:4
BRDA:10,0,0,2
BRDA:10,0,1,0
BRDA:26,1,0,0
BRDA:26,1,1,0
BRF:4
BRH:1
end_of_record
TN:
SF:C:\Users\felip\Github\testing-for-lazy-people\src\components\UserProfile\mocks.ts
FNF:0
FNH:0
DA:3,2
LF:1
LH:1
BRF:0
BRH:0
end_of_record
TN:
SF:C:\Users\felip\Github\testing-for-lazy-people\src\components\UserProfile\types.tsx
FNF:0
FNH:0
LF:0
LH:0
BRF:0
BRH:0
end_of_record
